<?xml version="1.0" encoding="UTF-8"?>
<!-- Generated by org.testng.reporters.JUnitReportReporter -->
<testsuite hostname="LAPTOP-MV67V0TL" failures="0" tests="1" name="TestingAcademy.DataDriven" time="7.115" errors="0" timestamp="2024-11-16T18:29:27 IST" skipped="0">
  <testcase classname="TestingAcademy.DataDriven" name="driveData" time="7.115"/>
</testsuite> <!-- TestingAcademy.DataDriven -->
