<?xml version="1.0" encoding="UTF-8"?>
<!-- Generated by org.testng.reporters.JUnitReportReporter -->
<testsuite hostname="LAPTOP-MV67V0TL" failures="0" tests="3" name="TestingAcademy.StandAloneTest" time="218.129" errors="0" timestamp="2024-11-19T20:46:50 IST" skipped="0">
  <testcase classname="TestingAcademy.StandAloneTest" name="OrderHistory" time="20.991"/>
  <testcase classname="TestingAcademy.StandAloneTest" name="SubmitOrder" time="95.759"/>
  <testcase classname="TestingAcademy.StandAloneTest" name="SubmitOrder" time="101.379"/>
</testsuite> <!-- TestingAcademy.StandAloneTest -->
